============================================================
  Generated by:           Genus(TM) Synthesis Solution 23.10-p004_1
  Generated on:           Jul 12 2025  03:50:50 pm
  Module:                 pld
  Technology library:     NangateOpenCellLibrary revision 1.0
  Operating conditions:   typical (balanced_tree)
  Wireload mode:          enclosed
  Area mode:              timing library
============================================================

                            
  Gate    Instances   Area           Library          
------------------------------------------------------
INV_X1           13   6.916    NangateOpenCellLibrary 
NAND2_X1          2   1.596    NangateOpenCellLibrary 
OR2_X1            1   1.064    NangateOpenCellLibrary 
TINV_X1          12  12.768    NangateOpenCellLibrary 
------------------------------------------------------
total            28  22.344                           


                                       
     Type      Instances  Area  Area % 
---------------------------------------
inverter              13  6.916   31.0 
tristate              12 12.768   57.1 
logic                  3  2.660   11.9 
physical_cells         0  0.000    0.0 
---------------------------------------
total                 28 22.344  100.0 

