============================================================
  Generated by:           Genus(TM) Synthesis Solution 23.10-p004_1
  Generated on:           Jul 19 2025  10:59:48 pm
  Module:                 sram
  Technology libraries:   NangateOpenCellLibrary revision 1.0
                          NangateOpenCellLibrary revision 1.0
  Operating conditions:   typical (balanced_tree)
  Wireload mode:          enclosed
  Area mode:              timing library
============================================================

                               
  Gate    Instances    Area             Library          
---------------------------------------------------------
AND2_X1          23     24.472    NangateOpenCellLibrary 
AND2_X2         199    264.670    NangateOpenCellLibrary 
AOI22_X1       2048   2723.840    NangateOpenCellLibrary 
INV_X1           34     18.088    NangateOpenCellLibrary 
NAND2_X1         13     10.374    NangateOpenCellLibrary 
NAND2_X2         57     75.810    NangateOpenCellLibrary 
NAND4_X1        544    723.520    NangateOpenCellLibrary 
NOR2_X1          46     36.708    NangateOpenCellLibrary 
NOR2_X2           3      3.990    NangateOpenCellLibrary 
NOR4_X1         128    170.240    NangateOpenCellLibrary 
OR2_X2            1      1.330    NangateOpenCellLibrary 
SDFF_X1        4128  25255.104    NangateOpenCellLibrary 
---------------------------------------------------------
total          7224  29308.146                           


                                          
     Type      Instances    Area   Area % 
------------------------------------------
sequential          4128 25255.104   86.2 
inverter              34    18.088    0.1 
logic               3062  4034.954   13.8 
physical_cells         0     0.000    0.0 
------------------------------------------
total               7224 29308.146  100.0 

