
****** Vitis HLS - High-Level Synthesis from C, C++ and OpenCL v2022.2 (64-bit)
  **** SW Build 3670227 on Oct 13 2022
  **** IP Build 3669848 on Fri Oct 14 08:30:02 MDT 2022
    ** Copyright 1986-2022 Xilinx, Inc. All Rights Reserved.

source /nfs/wsi/es/tools/xilinx/Vitis_HLS/2022.2/scripts/vitis_hls/hls.tcl -notrace
INFO: [HLS 200-10] Running '/nfs/wsi/es/tools/xilinx/Vitis_HLS/2022.2/bin/unwrapped/lnx64.o/vitis_hls'
INFO: [HLS 200-10] For user 'ritterale' on host 'habanera.cs.uni-tuebingen.de' (Linux_x86_64 version 4.18.0-477.21.1.el8_8.x86_64) on Wed Jun 25 15:33:29 CEST 2025
INFO: [HLS 200-10] On os "AlmaLinux release 8.6 (Sky Tiger)"
INFO: [HLS 200-10] In directory '/home/ritterale/ex_DDaSoES_SS25/ex06/Programming_Task_1'
Sourcing Tcl script './hls/vconf.tcl'
INFO: [HLS 200-1510] Running: source ./hls/vconf.tcl
INFO: [HLS 200-1510] Running: open_project -reset vitis_hls 
INFO: [HLS 200-10] Creating and opening project '/home/ritterale/ex_DDaSoES_SS25/ex06/Programming_Task_1/hls/vitis_hls'.
INFO: [HLS 200-1510] Running: set_top crypt_message 
INFO: [HLS 200-1510] Running: add_files ../cbc.cpp 
INFO: [HLS 200-10] Adding design file '../cbc.cpp' to the project
INFO: [HLS 200-1510] Running: open_solution solution1 -flow_target vivado 
INFO: [HLS 200-10] Creating and opening solution '/home/ritterale/ex_DDaSoES_SS25/ex06/Programming_Task_1/hls/vitis_hls/solution1'.
INFO: [HLS 200-1505] Using flow_target 'vivado'
Resolution: For help on HLS 200-1505 see www.xilinx.com/cgi-bin/docs/rdoc?v=2022.2;t=hls+guidance;d=200-1505.html
INFO: [HLS 200-435] Setting 'open_solution -flow_target vivado' configuration: config_interface -m_axi_latency=0
INFO: [HLS 200-1510] Running: set_part xc7vx485tffg1761-2 
INFO: [HLS 200-1611] Setting target device to 'xc7vx485t-ffg1761-2'
INFO: [HLS 200-1510] Running: create_clock -period 50ns 
INFO: [SYN 201-201] Setting up clock 'default' with a period of 50ns.
INFO: [HLS 200-1510] Running: csynth_design 
Running Dispatch Server on port: 32789
INFO: [HLS 200-111] Finished File checks and directory preparation: CPU user time: 0.01 seconds. CPU system time: 0.01 seconds. Elapsed time: 10.05 seconds; current allocated memory: 754.590 MB.
INFO: [HLS 200-10] Analyzing design file '../cbc.cpp' ... 
INFO: [HLS 200-111] Finished Source Code Analysis and Preprocessing: CPU user time: 4.52 seconds. CPU system time: 0.57 seconds. Elapsed time: 6.29 seconds; current allocated memory: 756.758 MB.
INFO: [HLS 200-777] Using interface defaults for 'Vivado' flow target.
INFO: [HLS 214-178] Inlining function 'xor_chunk(ap_int<16>, ap_int<16>)' into 'crypt_message(bool, ap_int<64>, ap_int<16>)' (../cbc.cpp:11:0)
INFO: [HLS 200-111] Finished Compiling Optimization and Transform: CPU user time: 3.5 seconds. CPU system time: 0.38 seconds. Elapsed time: 4.72 seconds; current allocated memory: 757.129 MB.
INFO: [HLS 200-111] Finished Checking Pragmas: CPU user time: 0 seconds. CPU system time: 0 seconds. Elapsed time: 0.01 seconds; current allocated memory: 757.129 MB.
INFO: [HLS 200-10] Starting code transformations ...
INFO: [HLS 200-111] Finished Standard Transforms: CPU user time: 0.02 seconds. CPU system time: 0 seconds. Elapsed time: 0.09 seconds; current allocated memory: 758.727 MB.
INFO: [HLS 200-10] Checking synthesizability ...
WARNING: [SYNCHK 200-23] /nfs/wsi/es/tools/xilinx/Vitis_HLS/2022.2/common/technology/autopilot/ap_int_ref.h:628: variable-indexed range selection may cause suboptimal QoR.
INFO: [SYNCHK 200-10] 0 error(s), 1 warning(s).
INFO: [HLS 200-111] Finished Checking Synthesizability: CPU user time: 0.03 seconds. CPU system time: 0.01 seconds. Elapsed time: 0.09 seconds; current allocated memory: 761.613 MB.
INFO: [XFORM 203-510] Pipelining loop 'VITIS_LOOP_18_1' (../cbc.cpp:14) in function 'crypt_message' automatically.
INFO: [HLS 200-111] Finished Loop, function and other optimizations: CPU user time: 0.05 seconds. CPU system time: 0 seconds. Elapsed time: 0.11 seconds; current allocated memory: 785.996 MB.
INFO: [HLS 200-111] Finished Architecture Synthesis: CPU user time: 0.03 seconds. CPU system time: 0 seconds. Elapsed time: 0.05 seconds; current allocated memory: 783.871 MB.
INFO: [HLS 200-10] Starting hardware synthesis ...
INFO: [HLS 200-10] Synthesizing 'crypt_message' ...
INFO: [HLS 200-10] ----------------------------------------------------------------
INFO: [HLS 200-42] -- Implementing module 'crypt_message' 
INFO: [HLS 200-10] ----------------------------------------------------------------
INFO: [SCHED 204-11] Starting scheduling ...
INFO: [SCHED 204-61] Pipelining loop 'VITIS_LOOP_18_1'.
INFO: [HLS 200-1470] Pipelining result : Target II = NA, Final II = 1, Depth = 1, loop 'VITIS_LOOP_18_1'
INFO: [SCHED 204-11] Finished scheduling.
INFO: [HLS 200-111] Finished Scheduling: CPU user time: 0.05 seconds. CPU system time: 0.03 seconds. Elapsed time: 0.19 seconds; current allocated memory: 783.871 MB.
INFO: [BIND 205-100] Starting micro-architecture generation ...
INFO: [BIND 205-101] Performing variable lifetime analysis.
INFO: [BIND 205-101] Exploring resource sharing.
INFO: [BIND 205-101] Binding ...
INFO: [BIND 205-100] Finished micro-architecture generation.
INFO: [HLS 200-111] Finished Binding: CPU user time: 0.06 seconds. CPU system time: 0 seconds. Elapsed time: 0.14 seconds; current allocated memory: 783.871 MB.
INFO: [HLS 200-10] ----------------------------------------------------------------
INFO: [HLS 200-10] -- Generating RTL for module 'crypt_message' 
INFO: [HLS 200-10] ----------------------------------------------------------------
INFO: [RTGEN 206-500] Setting interface mode on port 'crypt_message/encrypt_decrypt' to 'ap_none'.
INFO: [RTGEN 206-500] Setting interface mode on port 'crypt_message/message' to 'ap_none'.
INFO: [RTGEN 206-500] Setting interface mode on port 'crypt_message/key' to 'ap_none'.
INFO: [RTGEN 206-500] Setting interface mode on function 'crypt_message' to 'ap_ctrl_hs'.
INFO: [RTGEN 206-100] Finished creating RTL model for 'crypt_message'.
INFO: [HLS 200-111] Finished Creating RTL model: CPU user time: 0.12 seconds. CPU system time: 0 seconds. Elapsed time: 0.23 seconds; current allocated memory: 783.871 MB.
INFO: [HLS 200-111] Finished Generating all RTL models: CPU user time: 0.52 seconds. CPU system time: 0.03 seconds. Elapsed time: 0.86 seconds; current allocated memory: 783.871 MB.
INFO: [HLS 200-111] Finished Updating report files: CPU user time: 0.22 seconds. CPU system time: 0.03 seconds. Elapsed time: 0.51 seconds; current allocated memory: 784.746 MB.
INFO: [VHDL 208-304] Generating VHDL RTL for crypt_message.
INFO: [VLOG 209-307] Generating Verilog RTL for crypt_message.
INFO: [HLS 200-790] **** Loop Constraint Status: All loop constraints were satisfied.
INFO: [HLS 200-789] **** Estimated Fmax: 128.44 MHz
INFO: [HLS 200-111] Finished Command csynth_design CPU user time: 9.13 seconds. CPU system time: 1.06 seconds. Elapsed time: 13.46 seconds; current allocated memory: 30.156 MB.
INFO: [HLS 200-1510] Running: export_design -format ip_catalog -display_name d37fa0eb34ee6115b71f12b7fe0b461f 
INFO: [IMPL 213-8] Exporting RTL as a Vivado IP.

****** Vivado v2022.2 (64-bit)
  **** SW Build 3671981 on Fri Oct 14 04:59:54 MDT 2022
  **** IP Build 3669848 on Fri Oct 14 08:30:02 MDT 2022
    ** Copyright 1986-2022 Xilinx, Inc. All Rights Reserved.

source run_ippack.tcl -notrace
ipx::create_core: Time (s): cpu = 00:00:09 ; elapsed = 00:00:10 . Memory (MB): peak = 2012.598 ; gain = 115.078 ; free physical = 305 ; free virtual = 5608
INFO: [IP_Flow 19-234] Refreshing IP repositories
INFO: [IP_Flow 19-1704] No user IP repositories specified
INFO: [IP_Flow 19-2313] Loaded Vivado IP repository '/nfs/wsi/es/tools/xilinx/Vivado/2022.2/data/ip'.
INFO: [Common 17-206] Exiting Vivado at Wed Jun 25 15:34:18 2025...
INFO: [HLS 200-802] Generated output file vitis_hls/solution1/impl/export.zip
INFO: [HLS 200-111] Finished Command export_design CPU user time: 17.14 seconds. CPU system time: 1.27 seconds. Elapsed time: 32.06 seconds; current allocated memory: 4.586 MB.
INFO: [HLS 200-112] Total CPU user time: 29.3 seconds. Total CPU system time: 2.9 seconds. Total elapsed time: 60.63 seconds; peak allocated memory: 789.332 MB.
INFO: [Common 17-206] Exiting vitis_hls at Wed Jun 25 15:34:28 2025...
INFO: [HLS UID] d37fa0eb34ee6115b71f12b7fe0b461f
