============================================================
  Generated by:           Genus(TM) Synthesis Solution 23.10-p004_1
  Generated on:           Jul 13 2025  04:45:17 pm
  Module:                 carry_lookahead
  Operating conditions:   typical (balanced_tree)
  Wireload mode:          enclosed
  Area mode:              timing library
============================================================


Path 1: UNCONSTRAINED
     Startpoint: (R) a_i[3]
       Endpoint: (F) o_o[7]

                   Capture    Launch  
      Drv Adjust:+       0         0  
                                      
       Data Path:-     518            

#------------------------------------------------------------------------------------------
#  Timing Point    Flags    Arc   Edge   Cell     Fanout Load Trans Delay Arrival Instance 
#                                                        (fF)  (ps)  (ps)   (ps)  Location 
#------------------------------------------------------------------------------------------
  a_i[3]           -       -      R     (arrival)      3  4.7     0     0       0    (-,-) 
  g1_g126/ZN       -       A->ZN  F     INV_X1         1  1.2     2    19      19    (-,-) 
  g1_g119__9315/Z  -       B->Z   F     MUX2_X1       21 43.6    51   126     146    (-,-) 
  g2339__4733/ZN   -       A1->ZN F     AND4_X1        1  1.2     8    71     216    (-,-) 
  g2314__2883/ZN   -       A1->ZN F     AND4_X1        1  1.7     8    39     256    (-,-) 
  g2301__2802/ZN   -       B1->ZN R     AOI21_X1       1  1.9    22    38     294    (-,-) 
  g2296__8428/ZN   -       A->ZN  F     OAI221_X1      1  1.8    17    46     340    (-,-) 
  g2294__6260/ZN   -       B->ZN  R     AOI211_X1      1  1.9    38    80     419    (-,-) 
  g2292__2398/ZN   -       A1->ZN F     NAND2_X1       1  2.5    14    32     451    (-,-) 
  g159_g99__6260/Z -       A->Z   F     XOR2_X1        1  0.3    17    65     516    (-,-) 
  o_o[7]           -       -      F     (port)         -    -     -     2     518    (-,-) 
#------------------------------------------------------------------------------------------

