============================================================
  Generated by:           Genus(TM) Synthesis Solution 23.10-p004_1
  Generated on:           Jul 13 2025  04:45:17 pm
  Module:                 carry_lookahead
  Technology library:     NangateOpenCellLibrary revision 1.0
  Operating conditions:   typical (balanced_tree)
  Wireload mode:          enclosed
  Area mode:              timing library
============================================================

                              
   Gate    Instances   Area            Library          
--------------------------------------------------------
AND2_X1            9    9.576    NangateOpenCellLibrary 
AND3_X1            2    2.660    NangateOpenCellLibrary 
AND4_X1            4    6.384    NangateOpenCellLibrary 
AOI211_X1          1    1.330    NangateOpenCellLibrary 
AOI21_X1           5    5.320    NangateOpenCellLibrary 
AOI221_X1          2    3.192    NangateOpenCellLibrary 
INV_X1            10    5.320    NangateOpenCellLibrary 
MUX2_X1            6   11.172    NangateOpenCellLibrary 
NAND2_X1          11    8.778    NangateOpenCellLibrary 
NAND3_X1          15   15.960    NangateOpenCellLibrary 
NAND4_X1          17   22.610    NangateOpenCellLibrary 
NOR2_X1            2    1.596    NangateOpenCellLibrary 
NOR3_X1            1    1.064    NangateOpenCellLibrary 
NOR4_X1            1    1.330    NangateOpenCellLibrary 
OAI21_X1           4    4.256    NangateOpenCellLibrary 
OAI221_X1          1    1.596    NangateOpenCellLibrary 
OAI22_X1           3    3.990    NangateOpenCellLibrary 
XOR2_X1            9   14.364    NangateOpenCellLibrary 
--------------------------------------------------------
total            103  120.498                           


                                        
     Type      Instances   Area  Area % 
----------------------------------------
inverter              10   5.320    4.4 
logic                 93 115.178   95.6 
physical_cells         0   0.000    0.0 
----------------------------------------
total                103 120.498  100.0 

