============================================================
  Generated by:           Genus(TM) Synthesis Solution 23.10-p004_1
  Generated on:           Jul 13 2025  04:45:59 pm
  Module:                 ripple_carry
  Technology library:     NangateOpenCellLibrary revision 1.0
  Operating conditions:   typical (balanced_tree)
  Wireload mode:          enclosed
  Area mode:              timing library
============================================================

                            
  Gate    Instances   Area           Library          
------------------------------------------------------
AOI22_X1          8  10.640    NangateOpenCellLibrary 
INV_X1            8   4.256    NangateOpenCellLibrary 
XOR2_X1          16  25.536    NangateOpenCellLibrary 
------------------------------------------------------
total            32  40.432                           


                                       
     Type      Instances  Area  Area % 
---------------------------------------
inverter               8  4.256   10.5 
logic                 24 36.176   89.5 
physical_cells         0  0.000    0.0 
---------------------------------------
total                 32 40.432  100.0 

