============================================================
  Generated by:           Genus(TM) Synthesis Solution 23.10-p004_1
  Generated on:           Jul 13 2025  04:45:59 pm
  Module:                 ripple_carry
  Operating conditions:   typical (balanced_tree)
  Wireload mode:          enclosed
  Area mode:              timing library
============================================================


Path 1: UNCONSTRAINED
     Startpoint: (F) a_i[0]
       Endpoint: (F) o_o[7]

                   Capture    Launch  
      Drv Adjust:+       0         0  
                                      
       Data Path:-     666            

#------------------------------------------------------------------------------------------
#  Timing Point    Flags    Arc   Edge   Cell     Fanout Load Trans Delay Arrival Instance 
#                                                        (fF)  (ps)  (ps)   (ps)  Location 
#------------------------------------------------------------------------------------------
  a_i[0]           -       -      F     (arrival)      2  4.7     0     0       0    (-,-) 
  g163__5107/Z     -       B->Z   F     XOR2_X1        2  4.4    14    76      76    (-,-) 
  g162__2398/ZN    -       A1->ZN R     AOI22_X1       1  2.0    26    49     125    (-,-) 
  g161/ZN          -       A->ZN  F     INV_X1         2  4.4    10    27     152    (-,-) 
  g165__6260/ZN    -       A1->ZN R     AOI22_X1       1  2.0    26    47     199    (-,-) 
  g164/ZN          -       A->ZN  F     INV_X1         2  4.4    10    27     226    (-,-) 
  g168__8428/ZN    -       A1->ZN R     AOI22_X1       1  2.0    26    47     274    (-,-) 
  g167/ZN          -       A->ZN  F     INV_X1         2  4.4    10    27     301    (-,-) 
  g171__6783/ZN    -       A1->ZN R     AOI22_X1       1  2.0    26    47     348    (-,-) 
  g170/ZN          -       A->ZN  F     INV_X1         2  4.4    10    27     375    (-,-) 
  g174__1617/ZN    -       A1->ZN R     AOI22_X1       1  2.0    26    47     422    (-,-) 
  g173/ZN          -       A->ZN  F     INV_X1         2  4.4    10    27     450    (-,-) 
  g177__1705/ZN    -       A1->ZN R     AOI22_X1       1  2.0    26    47     497    (-,-) 
  g176/ZN          -       A->ZN  F     INV_X1         2  4.4    10    27     524    (-,-) 
  g180__8246/ZN    -       A1->ZN R     AOI22_X1       1  2.0    26    47     571    (-,-) 
  g179/ZN          -       A->ZN  F     INV_X1         2  4.4    10    27     598    (-,-) 
  g34_g115__4733/Z -       A->Z   F     XOR2_X1        1  0.3    10    66     664    (-,-) 
  o_o[7]           -       -      F     (port)         -    -     -     2     666    (-,-) 
#------------------------------------------------------------------------------------------

