============================================================
  Generated by:           Genus(TM) Synthesis Solution 23.10-p004_1
  Generated on:           Jul 12 2025  10:01:59 pm
  Module:                 clocked_ripple_carry
  Technology library:     NangateOpenCellLibrary revision 1.0
  Operating conditions:   typical (balanced_tree)
  Wireload mode:          enclosed
  Area mode:              timing library
============================================================

                            
  Gate    Instances   Area           Library          
------------------------------------------------------
AND2_X1           9   9.576    NangateOpenCellLibrary 
AOI22_X1          7   9.310    NangateOpenCellLibrary 
DFF_X1            9  40.698    NangateOpenCellLibrary 
INV_X1            7   3.724    NangateOpenCellLibrary 
NAND2_X1          2   1.596    NangateOpenCellLibrary 
OAI21_X1          1   1.064    NangateOpenCellLibrary 
XOR2_X1          16  25.536    NangateOpenCellLibrary 
------------------------------------------------------
total            51  91.504                           


                                       
     Type      Instances  Area  Area % 
---------------------------------------
sequential             9 40.698   44.5 
inverter               7  3.724    4.1 
logic                 35 47.082   51.5 
physical_cells         0  0.000    0.0 
---------------------------------------
total                 51 91.504  100.0 

