

================================================================
== Vitis HLS Report for 'modulo'
================================================================
* Date:           Sun Jun  8 21:34:21 2025

* Version:        2022.2 (Build 3670227 on Oct 13 2022)
* Project:        vitis_hls
* Solution:       solution1 (Vivado IP Flow Target)
* Product family: virtex7
* Target device:  xc7vx485t-ffg1761-2


================================================================
== Performance Estimates
================================================================
+ Timing: 
    * Summary: 
    +--------+---------+----------+------------+
    |  Clock |  Target | Estimated| Uncertainty|
    +--------+---------+----------+------------+
    |ap_clk  |  1.00 ns|  2.143 ns|     0.27 ns|
    +--------+---------+----------+------------+

+ Latency: 
    * Summary: 
    +---------+---------+-----------+-----------+-----+-----+---------+
    |  Latency (cycles) |   Latency (absolute)  |  Interval | Pipeline|
    |   min   |   max   |    min    |    max    | min | max |   Type  |
    +---------+---------+-----------+-----------+-----+-----+---------+
    |       35|       35|  75.005 ns|  75.005 ns|   36|   36|       no|
    +---------+---------+-----------+-----------+-----+-----+---------+

    + Detail: 
        * Instance: 
        N/A

        * Loop: 
        N/A



================================================================
== Utilization Estimates
================================================================
* Summary: 
+-----------------+---------+------+--------+--------+-----+
|       Name      | BRAM_18K|  DSP |   FF   |   LUT  | URAM|
+-----------------+---------+------+--------+--------+-----+
|DSP              |        -|     -|       -|       -|    -|
|Expression       |        -|     -|       -|       -|    -|
|FIFO             |        -|     -|       -|       -|    -|
|Instance         |        -|     -|    2283|    1738|    -|
|Memory           |        -|     -|       -|       -|    -|
|Multiplexer      |        -|     -|       -|     168|    -|
|Register         |        -|     -|      36|       -|    -|
+-----------------+---------+------+--------+--------+-----+
|Total            |        0|     0|    2319|    1906|    0|
+-----------------+---------+------+--------+--------+-----+
|Available        |     2060|  2800|  607200|  303600|    0|
+-----------------+---------+------+--------+--------+-----+
|Utilization (%)  |        0|     0|      ~0|      ~0|    0|
+-----------------+---------+------+--------+--------+-----+

+ Detail: 
    * Instance: 
    +---------------------------+------------------------+---------+----+------+------+-----+
    |          Instance         |         Module         | BRAM_18K| DSP|  FF  |  LUT | URAM|
    +---------------------------+------------------------+---------+----+------+------+-----+
    |urem_32ns_32ns_32_36_1_U1  |urem_32ns_32ns_32_36_1  |        0|   0|  2283|  1738|    0|
    +---------------------------+------------------------+---------+----+------+------+-----+
    |Total                      |                        |        0|   0|  2283|  1738|    0|
    +---------------------------+------------------------+---------+----+------+------+-----+

    * DSP: 
    N/A

    * Memory: 
    N/A

    * FIFO: 
    N/A

    * Expression: 
    N/A

    * Multiplexer: 
    +-----------+-----+-----------+-----+-----------+
    |    Name   | LUT | Input Size| Bits| Total Bits|
    +-----------+-----+-----------+-----+-----------+
    |ap_NS_fsm  |  168|         37|    1|         37|
    +-----------+-----+-----------+-----+-----------+
    |Total      |  168|         37|    1|         37|
    +-----------+-----+-----------+-----+-----------+

    * Register: 
    +-----------+----+----+-----+-----------+
    |    Name   | FF | LUT| Bits| Const Bits|
    +-----------+----+----+-----+-----------+
    |ap_CS_fsm  |  36|   0|   36|          0|
    +-----------+----+----+-----+-----------+
    |Total      |  36|   0|   36|          0|
    +-----------+----+----+-----+-----------+



================================================================
== Interface
================================================================
* Summary: 
+-----------+-----+-----+------------+--------------+--------------+
| RTL Ports | Dir | Bits|  Protocol  | Source Object|    C Type    |
+-----------+-----+-----+------------+--------------+--------------+
|ap_clk     |   in|    1|  ap_ctrl_hs|        modulo|  return value|
|ap_rst     |   in|    1|  ap_ctrl_hs|        modulo|  return value|
|ap_start   |   in|    1|  ap_ctrl_hs|        modulo|  return value|
|ap_done    |  out|    1|  ap_ctrl_hs|        modulo|  return value|
|ap_idle    |  out|    1|  ap_ctrl_hs|        modulo|  return value|
|ap_ready   |  out|    1|  ap_ctrl_hs|        modulo|  return value|
|ap_return  |  out|   32|  ap_ctrl_hs|        modulo|  return value|
|a          |   in|   32|     ap_none|             a|        scalar|
|b          |   in|   32|     ap_none|             b|        scalar|
+-----------+-----+-----+------------+--------------+--------------+

============================================================
+ Verbose Summary: Synthesis Manager
============================================================
InlineROM: 1
ExposeGlobal: 0
============================================================
+ Verbose Summary: CDFG Model
============================================================
IsTopModel: 1
ResetActiveHigh: 1
IsCombinational: 2
IsDatapathOnly: 2
HasWiredReturn: 1
HasMFsm: 0
HasVarLatency: 1
IsPipeline: 0
IsRtlPipelined: 0
IsInstanceOverlapped: 0
IsDontTouch: 0
HasImplIP: 0
IsGatedGlobalClock: 0


============================================================
+ Verbose Summary: Schedule
============================================================
* Number of FSM states : 36
* Pipeline : 0
* Dataflow Pipeline: 0

* FSM state transitions: 
1 --> 2 
2 --> 3 
3 --> 4 
4 --> 5 
5 --> 6 
6 --> 7 
7 --> 8 
8 --> 9 
9 --> 10 
10 --> 11 
11 --> 12 
12 --> 13 
13 --> 14 
14 --> 15 
15 --> 16 
16 --> 17 
17 --> 18 
18 --> 19 
19 --> 20 
20 --> 21 
21 --> 22 
22 --> 23 
23 --> 24 
24 --> 25 
25 --> 26 
26 --> 27 
27 --> 28 
28 --> 29 
29 --> 30 
30 --> 31 
31 --> 32 
32 --> 33 
33 --> 34 
34 --> 35 
35 --> 36 
36 --> 

* FSM state operations: 

State 1 <SV = 0> <Delay = 2.14>
ST_1 : Operation 37 [1/1] (0.00ns)   --->   "%b_read = read i32 @_ssdm_op_Read.ap_auto.i32, i32 %b" [../modulo.c:3]   --->   Operation 37 'read' 'b_read' <Predicate = true> <Delay = 0.00>
ST_1 : Operation 38 [1/1] (0.00ns)   --->   "%a_read = read i32 @_ssdm_op_Read.ap_auto.i32, i32 %a" [../modulo.c:3]   --->   Operation 38 'read' 'a_read' <Predicate = true> <Delay = 0.00>
ST_1 : Operation 39 [36/36] (2.14ns)   --->   "%urem_ln4 = urem i32 %a_read, i32 %b_read" [../modulo.c:4]   --->   Operation 39 'urem' 'urem_ln4' <Predicate = true> <Delay = 2.14> <CoreInst = "Divider">   --->   Core 6 'Divider' <Latency = 35> <II = 1> <Delay = 2.14> <FuncUnit> <Opcode : 'sdiv' 'srem' 'udiv' 'urem'> <InPorts = 2> <OutPorts = 1>

State 2 <SV = 1> <Delay = 2.14>
ST_2 : Operation 40 [35/36] (2.14ns)   --->   "%urem_ln4 = urem i32 %a_read, i32 %b_read" [../modulo.c:4]   --->   Operation 40 'urem' 'urem_ln4' <Predicate = true> <Delay = 2.14> <CoreInst = "Divider">   --->   Core 6 'Divider' <Latency = 35> <II = 1> <Delay = 2.14> <FuncUnit> <Opcode : 'sdiv' 'srem' 'udiv' 'urem'> <InPorts = 2> <OutPorts = 1>

State 3 <SV = 2> <Delay = 2.14>
ST_3 : Operation 41 [34/36] (2.14ns)   --->   "%urem_ln4 = urem i32 %a_read, i32 %b_read" [../modulo.c:4]   --->   Operation 41 'urem' 'urem_ln4' <Predicate = true> <Delay = 2.14> <CoreInst = "Divider">   --->   Core 6 'Divider' <Latency = 35> <II = 1> <Delay = 2.14> <FuncUnit> <Opcode : 'sdiv' 'srem' 'udiv' 'urem'> <InPorts = 2> <OutPorts = 1>

State 4 <SV = 3> <Delay = 2.14>
ST_4 : Operation 42 [33/36] (2.14ns)   --->   "%urem_ln4 = urem i32 %a_read, i32 %b_read" [../modulo.c:4]   --->   Operation 42 'urem' 'urem_ln4' <Predicate = true> <Delay = 2.14> <CoreInst = "Divider">   --->   Core 6 'Divider' <Latency = 35> <II = 1> <Delay = 2.14> <FuncUnit> <Opcode : 'sdiv' 'srem' 'udiv' 'urem'> <InPorts = 2> <OutPorts = 1>

State 5 <SV = 4> <Delay = 2.14>
ST_5 : Operation 43 [32/36] (2.14ns)   --->   "%urem_ln4 = urem i32 %a_read, i32 %b_read" [../modulo.c:4]   --->   Operation 43 'urem' 'urem_ln4' <Predicate = true> <Delay = 2.14> <CoreInst = "Divider">   --->   Core 6 'Divider' <Latency = 35> <II = 1> <Delay = 2.14> <FuncUnit> <Opcode : 'sdiv' 'srem' 'udiv' 'urem'> <InPorts = 2> <OutPorts = 1>

State 6 <SV = 5> <Delay = 2.14>
ST_6 : Operation 44 [31/36] (2.14ns)   --->   "%urem_ln4 = urem i32 %a_read, i32 %b_read" [../modulo.c:4]   --->   Operation 44 'urem' 'urem_ln4' <Predicate = true> <Delay = 2.14> <CoreInst = "Divider">   --->   Core 6 'Divider' <Latency = 35> <II = 1> <Delay = 2.14> <FuncUnit> <Opcode : 'sdiv' 'srem' 'udiv' 'urem'> <InPorts = 2> <OutPorts = 1>

State 7 <SV = 6> <Delay = 2.14>
ST_7 : Operation 45 [30/36] (2.14ns)   --->   "%urem_ln4 = urem i32 %a_read, i32 %b_read" [../modulo.c:4]   --->   Operation 45 'urem' 'urem_ln4' <Predicate = true> <Delay = 2.14> <CoreInst = "Divider">   --->   Core 6 'Divider' <Latency = 35> <II = 1> <Delay = 2.14> <FuncUnit> <Opcode : 'sdiv' 'srem' 'udiv' 'urem'> <InPorts = 2> <OutPorts = 1>

State 8 <SV = 7> <Delay = 2.14>
ST_8 : Operation 46 [29/36] (2.14ns)   --->   "%urem_ln4 = urem i32 %a_read, i32 %b_read" [../modulo.c:4]   --->   Operation 46 'urem' 'urem_ln4' <Predicate = true> <Delay = 2.14> <CoreInst = "Divider">   --->   Core 6 'Divider' <Latency = 35> <II = 1> <Delay = 2.14> <FuncUnit> <Opcode : 'sdiv' 'srem' 'udiv' 'urem'> <InPorts = 2> <OutPorts = 1>

State 9 <SV = 8> <Delay = 2.14>
ST_9 : Operation 47 [28/36] (2.14ns)   --->   "%urem_ln4 = urem i32 %a_read, i32 %b_read" [../modulo.c:4]   --->   Operation 47 'urem' 'urem_ln4' <Predicate = true> <Delay = 2.14> <CoreInst = "Divider">   --->   Core 6 'Divider' <Latency = 35> <II = 1> <Delay = 2.14> <FuncUnit> <Opcode : 'sdiv' 'srem' 'udiv' 'urem'> <InPorts = 2> <OutPorts = 1>

State 10 <SV = 9> <Delay = 2.14>
ST_10 : Operation 48 [27/36] (2.14ns)   --->   "%urem_ln4 = urem i32 %a_read, i32 %b_read" [../modulo.c:4]   --->   Operation 48 'urem' 'urem_ln4' <Predicate = true> <Delay = 2.14> <CoreInst = "Divider">   --->   Core 6 'Divider' <Latency = 35> <II = 1> <Delay = 2.14> <FuncUnit> <Opcode : 'sdiv' 'srem' 'udiv' 'urem'> <InPorts = 2> <OutPorts = 1>

State 11 <SV = 10> <Delay = 2.14>
ST_11 : Operation 49 [26/36] (2.14ns)   --->   "%urem_ln4 = urem i32 %a_read, i32 %b_read" [../modulo.c:4]   --->   Operation 49 'urem' 'urem_ln4' <Predicate = true> <Delay = 2.14> <CoreInst = "Divider">   --->   Core 6 'Divider' <Latency = 35> <II = 1> <Delay = 2.14> <FuncUnit> <Opcode : 'sdiv' 'srem' 'udiv' 'urem'> <InPorts = 2> <OutPorts = 1>

State 12 <SV = 11> <Delay = 2.14>
ST_12 : Operation 50 [25/36] (2.14ns)   --->   "%urem_ln4 = urem i32 %a_read, i32 %b_read" [../modulo.c:4]   --->   Operation 50 'urem' 'urem_ln4' <Predicate = true> <Delay = 2.14> <CoreInst = "Divider">   --->   Core 6 'Divider' <Latency = 35> <II = 1> <Delay = 2.14> <FuncUnit> <Opcode : 'sdiv' 'srem' 'udiv' 'urem'> <InPorts = 2> <OutPorts = 1>

State 13 <SV = 12> <Delay = 2.14>
ST_13 : Operation 51 [24/36] (2.14ns)   --->   "%urem_ln4 = urem i32 %a_read, i32 %b_read" [../modulo.c:4]   --->   Operation 51 'urem' 'urem_ln4' <Predicate = true> <Delay = 2.14> <CoreInst = "Divider">   --->   Core 6 'Divider' <Latency = 35> <II = 1> <Delay = 2.14> <FuncUnit> <Opcode : 'sdiv' 'srem' 'udiv' 'urem'> <InPorts = 2> <OutPorts = 1>

State 14 <SV = 13> <Delay = 2.14>
ST_14 : Operation 52 [23/36] (2.14ns)   --->   "%urem_ln4 = urem i32 %a_read, i32 %b_read" [../modulo.c:4]   --->   Operation 52 'urem' 'urem_ln4' <Predicate = true> <Delay = 2.14> <CoreInst = "Divider">   --->   Core 6 'Divider' <Latency = 35> <II = 1> <Delay = 2.14> <FuncUnit> <Opcode : 'sdiv' 'srem' 'udiv' 'urem'> <InPorts = 2> <OutPorts = 1>

State 15 <SV = 14> <Delay = 2.14>
ST_15 : Operation 53 [22/36] (2.14ns)   --->   "%urem_ln4 = urem i32 %a_read, i32 %b_read" [../modulo.c:4]   --->   Operation 53 'urem' 'urem_ln4' <Predicate = true> <Delay = 2.14> <CoreInst = "Divider">   --->   Core 6 'Divider' <Latency = 35> <II = 1> <Delay = 2.14> <FuncUnit> <Opcode : 'sdiv' 'srem' 'udiv' 'urem'> <InPorts = 2> <OutPorts = 1>

State 16 <SV = 15> <Delay = 2.14>
ST_16 : Operation 54 [21/36] (2.14ns)   --->   "%urem_ln4 = urem i32 %a_read, i32 %b_read" [../modulo.c:4]   --->   Operation 54 'urem' 'urem_ln4' <Predicate = true> <Delay = 2.14> <CoreInst = "Divider">   --->   Core 6 'Divider' <Latency = 35> <II = 1> <Delay = 2.14> <FuncUnit> <Opcode : 'sdiv' 'srem' 'udiv' 'urem'> <InPorts = 2> <OutPorts = 1>

State 17 <SV = 16> <Delay = 2.14>
ST_17 : Operation 55 [20/36] (2.14ns)   --->   "%urem_ln4 = urem i32 %a_read, i32 %b_read" [../modulo.c:4]   --->   Operation 55 'urem' 'urem_ln4' <Predicate = true> <Delay = 2.14> <CoreInst = "Divider">   --->   Core 6 'Divider' <Latency = 35> <II = 1> <Delay = 2.14> <FuncUnit> <Opcode : 'sdiv' 'srem' 'udiv' 'urem'> <InPorts = 2> <OutPorts = 1>

State 18 <SV = 17> <Delay = 2.14>
ST_18 : Operation 56 [19/36] (2.14ns)   --->   "%urem_ln4 = urem i32 %a_read, i32 %b_read" [../modulo.c:4]   --->   Operation 56 'urem' 'urem_ln4' <Predicate = true> <Delay = 2.14> <CoreInst = "Divider">   --->   Core 6 'Divider' <Latency = 35> <II = 1> <Delay = 2.14> <FuncUnit> <Opcode : 'sdiv' 'srem' 'udiv' 'urem'> <InPorts = 2> <OutPorts = 1>

State 19 <SV = 18> <Delay = 2.14>
ST_19 : Operation 57 [18/36] (2.14ns)   --->   "%urem_ln4 = urem i32 %a_read, i32 %b_read" [../modulo.c:4]   --->   Operation 57 'urem' 'urem_ln4' <Predicate = true> <Delay = 2.14> <CoreInst = "Divider">   --->   Core 6 'Divider' <Latency = 35> <II = 1> <Delay = 2.14> <FuncUnit> <Opcode : 'sdiv' 'srem' 'udiv' 'urem'> <InPorts = 2> <OutPorts = 1>

State 20 <SV = 19> <Delay = 2.14>
ST_20 : Operation 58 [17/36] (2.14ns)   --->   "%urem_ln4 = urem i32 %a_read, i32 %b_read" [../modulo.c:4]   --->   Operation 58 'urem' 'urem_ln4' <Predicate = true> <Delay = 2.14> <CoreInst = "Divider">   --->   Core 6 'Divider' <Latency = 35> <II = 1> <Delay = 2.14> <FuncUnit> <Opcode : 'sdiv' 'srem' 'udiv' 'urem'> <InPorts = 2> <OutPorts = 1>

State 21 <SV = 20> <Delay = 2.14>
ST_21 : Operation 59 [16/36] (2.14ns)   --->   "%urem_ln4 = urem i32 %a_read, i32 %b_read" [../modulo.c:4]   --->   Operation 59 'urem' 'urem_ln4' <Predicate = true> <Delay = 2.14> <CoreInst = "Divider">   --->   Core 6 'Divider' <Latency = 35> <II = 1> <Delay = 2.14> <FuncUnit> <Opcode : 'sdiv' 'srem' 'udiv' 'urem'> <InPorts = 2> <OutPorts = 1>

State 22 <SV = 21> <Delay = 2.14>
ST_22 : Operation 60 [15/36] (2.14ns)   --->   "%urem_ln4 = urem i32 %a_read, i32 %b_read" [../modulo.c:4]   --->   Operation 60 'urem' 'urem_ln4' <Predicate = true> <Delay = 2.14> <CoreInst = "Divider">   --->   Core 6 'Divider' <Latency = 35> <II = 1> <Delay = 2.14> <FuncUnit> <Opcode : 'sdiv' 'srem' 'udiv' 'urem'> <InPorts = 2> <OutPorts = 1>

State 23 <SV = 22> <Delay = 2.14>
ST_23 : Operation 61 [14/36] (2.14ns)   --->   "%urem_ln4 = urem i32 %a_read, i32 %b_read" [../modulo.c:4]   --->   Operation 61 'urem' 'urem_ln4' <Predicate = true> <Delay = 2.14> <CoreInst = "Divider">   --->   Core 6 'Divider' <Latency = 35> <II = 1> <Delay = 2.14> <FuncUnit> <Opcode : 'sdiv' 'srem' 'udiv' 'urem'> <InPorts = 2> <OutPorts = 1>

State 24 <SV = 23> <Delay = 2.14>
ST_24 : Operation 62 [13/36] (2.14ns)   --->   "%urem_ln4 = urem i32 %a_read, i32 %b_read" [../modulo.c:4]   --->   Operation 62 'urem' 'urem_ln4' <Predicate = true> <Delay = 2.14> <CoreInst = "Divider">   --->   Core 6 'Divider' <Latency = 35> <II = 1> <Delay = 2.14> <FuncUnit> <Opcode : 'sdiv' 'srem' 'udiv' 'urem'> <InPorts = 2> <OutPorts = 1>

State 25 <SV = 24> <Delay = 2.14>
ST_25 : Operation 63 [12/36] (2.14ns)   --->   "%urem_ln4 = urem i32 %a_read, i32 %b_read" [../modulo.c:4]   --->   Operation 63 'urem' 'urem_ln4' <Predicate = true> <Delay = 2.14> <CoreInst = "Divider">   --->   Core 6 'Divider' <Latency = 35> <II = 1> <Delay = 2.14> <FuncUnit> <Opcode : 'sdiv' 'srem' 'udiv' 'urem'> <InPorts = 2> <OutPorts = 1>

State 26 <SV = 25> <Delay = 2.14>
ST_26 : Operation 64 [11/36] (2.14ns)   --->   "%urem_ln4 = urem i32 %a_read, i32 %b_read" [../modulo.c:4]   --->   Operation 64 'urem' 'urem_ln4' <Predicate = true> <Delay = 2.14> <CoreInst = "Divider">   --->   Core 6 'Divider' <Latency = 35> <II = 1> <Delay = 2.14> <FuncUnit> <Opcode : 'sdiv' 'srem' 'udiv' 'urem'> <InPorts = 2> <OutPorts = 1>

State 27 <SV = 26> <Delay = 2.14>
ST_27 : Operation 65 [10/36] (2.14ns)   --->   "%urem_ln4 = urem i32 %a_read, i32 %b_read" [../modulo.c:4]   --->   Operation 65 'urem' 'urem_ln4' <Predicate = true> <Delay = 2.14> <CoreInst = "Divider">   --->   Core 6 'Divider' <Latency = 35> <II = 1> <Delay = 2.14> <FuncUnit> <Opcode : 'sdiv' 'srem' 'udiv' 'urem'> <InPorts = 2> <OutPorts = 1>

State 28 <SV = 27> <Delay = 2.14>
ST_28 : Operation 66 [9/36] (2.14ns)   --->   "%urem_ln4 = urem i32 %a_read, i32 %b_read" [../modulo.c:4]   --->   Operation 66 'urem' 'urem_ln4' <Predicate = true> <Delay = 2.14> <CoreInst = "Divider">   --->   Core 6 'Divider' <Latency = 35> <II = 1> <Delay = 2.14> <FuncUnit> <Opcode : 'sdiv' 'srem' 'udiv' 'urem'> <InPorts = 2> <OutPorts = 1>

State 29 <SV = 28> <Delay = 2.14>
ST_29 : Operation 67 [8/36] (2.14ns)   --->   "%urem_ln4 = urem i32 %a_read, i32 %b_read" [../modulo.c:4]   --->   Operation 67 'urem' 'urem_ln4' <Predicate = true> <Delay = 2.14> <CoreInst = "Divider">   --->   Core 6 'Divider' <Latency = 35> <II = 1> <Delay = 2.14> <FuncUnit> <Opcode : 'sdiv' 'srem' 'udiv' 'urem'> <InPorts = 2> <OutPorts = 1>

State 30 <SV = 29> <Delay = 2.14>
ST_30 : Operation 68 [7/36] (2.14ns)   --->   "%urem_ln4 = urem i32 %a_read, i32 %b_read" [../modulo.c:4]   --->   Operation 68 'urem' 'urem_ln4' <Predicate = true> <Delay = 2.14> <CoreInst = "Divider">   --->   Core 6 'Divider' <Latency = 35> <II = 1> <Delay = 2.14> <FuncUnit> <Opcode : 'sdiv' 'srem' 'udiv' 'urem'> <InPorts = 2> <OutPorts = 1>

State 31 <SV = 30> <Delay = 2.14>
ST_31 : Operation 69 [6/36] (2.14ns)   --->   "%urem_ln4 = urem i32 %a_read, i32 %b_read" [../modulo.c:4]   --->   Operation 69 'urem' 'urem_ln4' <Predicate = true> <Delay = 2.14> <CoreInst = "Divider">   --->   Core 6 'Divider' <Latency = 35> <II = 1> <Delay = 2.14> <FuncUnit> <Opcode : 'sdiv' 'srem' 'udiv' 'urem'> <InPorts = 2> <OutPorts = 1>

State 32 <SV = 31> <Delay = 2.14>
ST_32 : Operation 70 [5/36] (2.14ns)   --->   "%urem_ln4 = urem i32 %a_read, i32 %b_read" [../modulo.c:4]   --->   Operation 70 'urem' 'urem_ln4' <Predicate = true> <Delay = 2.14> <CoreInst = "Divider">   --->   Core 6 'Divider' <Latency = 35> <II = 1> <Delay = 2.14> <FuncUnit> <Opcode : 'sdiv' 'srem' 'udiv' 'urem'> <InPorts = 2> <OutPorts = 1>

State 33 <SV = 32> <Delay = 2.14>
ST_33 : Operation 71 [4/36] (2.14ns)   --->   "%urem_ln4 = urem i32 %a_read, i32 %b_read" [../modulo.c:4]   --->   Operation 71 'urem' 'urem_ln4' <Predicate = true> <Delay = 2.14> <CoreInst = "Divider">   --->   Core 6 'Divider' <Latency = 35> <II = 1> <Delay = 2.14> <FuncUnit> <Opcode : 'sdiv' 'srem' 'udiv' 'urem'> <InPorts = 2> <OutPorts = 1>

State 34 <SV = 33> <Delay = 2.14>
ST_34 : Operation 72 [3/36] (2.14ns)   --->   "%urem_ln4 = urem i32 %a_read, i32 %b_read" [../modulo.c:4]   --->   Operation 72 'urem' 'urem_ln4' <Predicate = true> <Delay = 2.14> <CoreInst = "Divider">   --->   Core 6 'Divider' <Latency = 35> <II = 1> <Delay = 2.14> <FuncUnit> <Opcode : 'sdiv' 'srem' 'udiv' 'urem'> <InPorts = 2> <OutPorts = 1>

State 35 <SV = 34> <Delay = 2.14>
ST_35 : Operation 73 [2/36] (2.14ns)   --->   "%urem_ln4 = urem i32 %a_read, i32 %b_read" [../modulo.c:4]   --->   Operation 73 'urem' 'urem_ln4' <Predicate = true> <Delay = 2.14> <CoreInst = "Divider">   --->   Core 6 'Divider' <Latency = 35> <II = 1> <Delay = 2.14> <FuncUnit> <Opcode : 'sdiv' 'srem' 'udiv' 'urem'> <InPorts = 2> <OutPorts = 1>

State 36 <SV = 35> <Delay = 2.14>
ST_36 : Operation 74 [1/1] (0.00ns)   --->   "%specbitsmap_ln0 = specbitsmap void @_ssdm_op_SpecBitsMap, i32 0"   --->   Operation 74 'specbitsmap' 'specbitsmap_ln0' <Predicate = true> <Delay = 0.00>
ST_36 : Operation 75 [1/1] (0.00ns)   --->   "%spectopmodule_ln3 = spectopmodule void @_ssdm_op_SpecTopModule, void @empty_1" [../modulo.c:3]   --->   Operation 75 'spectopmodule' 'spectopmodule_ln3' <Predicate = true> <Delay = 0.00>
ST_36 : Operation 76 [1/1] (0.00ns)   --->   "%specbitsmap_ln0 = specbitsmap void @_ssdm_op_SpecBitsMap, i32 %a"   --->   Operation 76 'specbitsmap' 'specbitsmap_ln0' <Predicate = true> <Delay = 0.00>
ST_36 : Operation 77 [1/1] (0.00ns)   --->   "%specinterface_ln0 = specinterface void @_ssdm_op_SpecInterface, i32 %a, void @empty, i32 0, i32 0, void @empty_0, i32 0, i32 0, void @empty_0, void @empty_0, void @empty_0, i32 0, i32 0, i32 0, i32 0, void @empty_0, void @empty_0, i32 4294967295, i32 0"   --->   Operation 77 'specinterface' 'specinterface_ln0' <Predicate = true> <Delay = 0.00>
ST_36 : Operation 78 [1/1] (0.00ns)   --->   "%specbitsmap_ln0 = specbitsmap void @_ssdm_op_SpecBitsMap, i32 %b"   --->   Operation 78 'specbitsmap' 'specbitsmap_ln0' <Predicate = true> <Delay = 0.00>
ST_36 : Operation 79 [1/1] (0.00ns)   --->   "%specinterface_ln0 = specinterface void @_ssdm_op_SpecInterface, i32 %b, void @empty, i32 0, i32 0, void @empty_0, i32 0, i32 0, void @empty_0, void @empty_0, void @empty_0, i32 0, i32 0, i32 0, i32 0, void @empty_0, void @empty_0, i32 4294967295, i32 0"   --->   Operation 79 'specinterface' 'specinterface_ln0' <Predicate = true> <Delay = 0.00>
ST_36 : Operation 80 [1/36] (2.14ns)   --->   "%urem_ln4 = urem i32 %a_read, i32 %b_read" [../modulo.c:4]   --->   Operation 80 'urem' 'urem_ln4' <Predicate = true> <Delay = 2.14> <CoreInst = "Divider">   --->   Core 6 'Divider' <Latency = 35> <II = 1> <Delay = 2.14> <FuncUnit> <Opcode : 'sdiv' 'srem' 'udiv' 'urem'> <InPorts = 2> <OutPorts = 1>
ST_36 : Operation 81 [1/1] (0.00ns)   --->   "%ret_ln4 = ret i32 %urem_ln4" [../modulo.c:4]   --->   Operation 81 'ret' 'ret_ln4' <Predicate = true> <Delay = 0.00>


============================================================
+ Verbose Summary: Binding
============================================================
STG Binding: 
---------------- STG Properties BEGIN ----------------
- Is combinational: 0
- Is one-state seq: 0
- Is datapath-only: 0
- Is pipelined: 0
- Is top level: 1
Port [ Return ] is wired: 1; IO mode=ap_ctrl_hs:ce=0
Port [ a]:  wired=1; compound=0; hidden=0; nouse=0; global=0; static=0; extern=0; dir=0; type=0; pingpong=0; private_global=0; IO mode=ap_none:ce=0
Port [ b]:  wired=1; compound=0; hidden=0; nouse=0; global=0; static=0; extern=0; dir=0; type=0; pingpong=0; private_global=0; IO mode=ap_none:ce=0
---------------- STG Properties END ------------------

---------------- Datapath Model BEGIN ----------------

<LifeTime>
<method=bitvector/>
b_read            (read         ) [ 0011111111111111111111111111111111111]
a_read            (read         ) [ 0011111111111111111111111111111111111]
specbitsmap_ln0   (specbitsmap  ) [ 0000000000000000000000000000000000000]
spectopmodule_ln3 (spectopmodule) [ 0000000000000000000000000000000000000]
specbitsmap_ln0   (specbitsmap  ) [ 0000000000000000000000000000000000000]
specinterface_ln0 (specinterface) [ 0000000000000000000000000000000000000]
specbitsmap_ln0   (specbitsmap  ) [ 0000000000000000000000000000000000000]
specinterface_ln0 (specinterface) [ 0000000000000000000000000000000000000]
urem_ln4          (urem         ) [ 0000000000000000000000000000000000000]
ret_ln4           (ret          ) [ 0000000000000000000000000000000000000]
</LifeTime>

<model>

<comp_list>
<comp id="0" class="1000" name="a">
<pin_list>
<pin id="1" dir="1" index="0" bw="1" slack="0"/>
</pin_list>
<bind>
<StgValue><ssdm name="a"/></StgValue>
</bind>
</comp>

<comp id="2" class="1000" name="b">
<pin_list>
<pin id="3" dir="1" index="0" bw="1" slack="0"/>
</pin_list>
<bind>
<StgValue><ssdm name="b"/></StgValue>
</bind>
</comp>

<comp id="4" class="1001" name="const_4">
<pin_list>
<pin id="5" dir="1" index="0" bw="1" slack="0"/>
</pin_list>
<bind>
<StgValue><ssdm name="_ssdm_op_Read.ap_auto.i32"/></StgValue>
</bind>
</comp>

<comp id="6" class="1001" name="const_6">
<pin_list>
<pin id="7" dir="1" index="0" bw="1" slack="2147483647"/>
</pin_list>
<bind>
<StgValue><ssdm name="_ssdm_op_SpecBitsMap"/></StgValue>
</bind>
</comp>

<comp id="8" class="1001" name="const_8">
<pin_list>
<pin id="9" dir="1" index="0" bw="1" slack="2147483647"/>
</pin_list>
<bind>
<StgValue><ssdm name=""/></StgValue>
</bind>
</comp>

<comp id="10" class="1001" name="const_10">
<pin_list>
<pin id="11" dir="1" index="0" bw="1" slack="2147483647"/>
</pin_list>
<bind>
<StgValue><ssdm name="_ssdm_op_SpecTopModule"/></StgValue>
</bind>
</comp>

<comp id="12" class="1001" name="const_12">
<pin_list>
<pin id="13" dir="1" index="0" bw="1" slack="2147483647"/>
</pin_list>
<bind>
<StgValue><ssdm name="empty_1"/></StgValue>
</bind>
</comp>

<comp id="14" class="1001" name="const_14">
<pin_list>
<pin id="15" dir="1" index="0" bw="1" slack="2147483647"/>
</pin_list>
<bind>
<StgValue><ssdm name="_ssdm_op_SpecInterface"/></StgValue>
</bind>
</comp>

<comp id="16" class="1001" name="const_16">
<pin_list>
<pin id="17" dir="1" index="0" bw="1" slack="2147483647"/>
</pin_list>
<bind>
<StgValue><ssdm name="empty"/></StgValue>
</bind>
</comp>

<comp id="18" class="1001" name="const_18">
<pin_list>
<pin id="19" dir="1" index="0" bw="1" slack="2147483647"/>
</pin_list>
<bind>
<StgValue><ssdm name="empty_0"/></StgValue>
</bind>
</comp>

<comp id="20" class="1001" name="const_20">
<pin_list>
<pin id="21" dir="1" index="0" bw="1" slack="2147483647"/>
</pin_list>
<bind>
<StgValue><ssdm name=""/></StgValue>
</bind>
</comp>

<comp id="22" class="1004" name="b_read_read_fu_22">
<pin_list>
<pin id="23" dir="0" index="0" bw="32" slack="0"/>
<pin id="24" dir="0" index="1" bw="32" slack="0"/>
<pin id="25" dir="1" index="2" bw="32" slack="0"/>
</pin_list>
<bind>
<opcode="read(1150) " fcode="read"/>
<opset="b_read/1 "/>
</bind>
</comp>

<comp id="28" class="1004" name="a_read_read_fu_28">
<pin_list>
<pin id="29" dir="0" index="0" bw="32" slack="0"/>
<pin id="30" dir="0" index="1" bw="32" slack="0"/>
<pin id="31" dir="1" index="2" bw="32" slack="0"/>
</pin_list>
<bind>
<opcode="read(1150) " fcode="read"/>
<opset="a_read/1 "/>
</bind>
</comp>

<comp id="34" class="1004" name="grp_fu_34">
<pin_list>
<pin id="35" dir="0" index="0" bw="32" slack="0"/>
<pin id="36" dir="0" index="1" bw="32" slack="0"/>
<pin id="37" dir="1" index="2" bw="32" slack="2147483647"/>
</pin_list>
<bind>
<opcode="urem(17) " fcode="urem"/>
<opset="urem_ln4/1 "/>
</bind>
</comp>

<comp id="40" class="1005" name="b_read_reg_40">
<pin_list>
<pin id="41" dir="0" index="0" bw="32" slack="1"/>
<pin id="42" dir="1" index="1" bw="32" slack="1"/>
</pin_list>
<bind>
<opset="b_read "/>
</bind>
</comp>

<comp id="45" class="1005" name="a_read_reg_45">
<pin_list>
<pin id="46" dir="0" index="0" bw="32" slack="1"/>
<pin id="47" dir="1" index="1" bw="32" slack="1"/>
</pin_list>
<bind>
<opset="a_read "/>
</bind>
</comp>

</comp_list>

<net_list>
<net id="26"><net_src comp="4" pin="0"/><net_sink comp="22" pin=0"/></net>

<net id="27"><net_src comp="2" pin="0"/><net_sink comp="22" pin=1"/></net>

<net id="32"><net_src comp="4" pin="0"/><net_sink comp="28" pin=0"/></net>

<net id="33"><net_src comp="0" pin="0"/><net_sink comp="28" pin=1"/></net>

<net id="38"><net_src comp="28" pin="2"/><net_sink comp="34" pin=0"/></net>

<net id="39"><net_src comp="22" pin="2"/><net_sink comp="34" pin=1"/></net>

<net id="43"><net_src comp="22" pin="2"/><net_sink comp="40" pin=0"/></net>

<net id="44"><net_src comp="40" pin="1"/><net_sink comp="34" pin=1"/></net>

<net id="48"><net_src comp="28" pin="2"/><net_sink comp="45" pin=0"/></net>

<net id="49"><net_src comp="45" pin="1"/><net_sink comp="34" pin=0"/></net>

</net_list>

</model> 
---------------- Datapath Model END ------------------

* FSMD analyzer results:
  - Output states:
 - Input state : 
	Port: modulo : a | {1 }
	Port: modulo : b | {1 }
  - Chain level:
	State 1
	State 2
	State 3
	State 4
	State 5
	State 6
	State 7
	State 8
	State 9
	State 10
	State 11
	State 12
	State 13
	State 14
	State 15
	State 16
	State 17
	State 18
	State 19
	State 20
	State 21
	State 22
	State 23
	State 24
	State 25
	State 26
	State 27
	State 28
	State 29
	State 30
	State 31
	State 32
	State 33
	State 34
	State 35
	State 36
		ret_ln4 : 1


============================================================
+ Verbose Summary: Datapath Resource usage 
============================================================

* Functional unit list:
|----------|-------------------|---------|---------|
| Operation|  Functional Unit  |    FF   |   LUT   |
|----------|-------------------|---------|---------|
|   urem   |     grp_fu_34     |   2283  |   1738  |
|----------|-------------------|---------|---------|
|   read   | b_read_read_fu_22 |    0    |    0    |
|          | a_read_read_fu_28 |    0    |    0    |
|----------|-------------------|---------|---------|
|   Total  |                   |   2283  |   1738  |
|----------|-------------------|---------|---------|

Memories:
N/A

* Register list:
+-------------+--------+
|             |   FF   |
+-------------+--------+
|a_read_reg_45|   32   |
|b_read_reg_40|   32   |
+-------------+--------+
|    Total    |   64   |
+-------------+--------+

* Multiplexer (MUX) list: 
|-----------|------|------|------|--------||---------||---------|
|    Comp   |  Pin | Size |  BW  | S x BW ||  Delay  ||   LUT   |
|-----------|------|------|------|--------||---------||---------|
| grp_fu_34 |  p0  |   2  |  32  |   64   ||    9    |
| grp_fu_34 |  p1  |   2  |  32  |   64   ||    9    |
|-----------|------|------|------|--------||---------||---------|
|   Total   |      |      |      |   128  ||  1.688  ||    18   |
|-----------|------|------|------|--------||---------||---------|



* Summary:
+-----------+--------+--------+--------+
|           |  Delay |   FF   |   LUT  |
+-----------+--------+--------+--------+
|  Function |    -   |  2283  |  1738  |
|   Memory  |    -   |    -   |    -   |
|Multiplexer|    1   |    -   |   18   |
|  Register |    -   |   64   |    -   |
+-----------+--------+--------+--------+
|   Total   |    1   |  2347  |  1756  |
+-----------+--------+--------+--------+
