

================================================================
== Synthesis Summary Report of 'crypt_message'
================================================================
+ General Information: 
    * Date:           Wed Jun 25 15:33:55 2025
    * Version:        2022.2 (Build 3670227 on Oct 13 2022)
    * Project:        vitis_hls
    * Solution:       solution1 (Vivado IP Flow Target)
    * Product family: virtex7
    * Target device:  xc7vx485t-ffg1761-2
    

+ Performance & Resource Estimates: 
    
    PS: '+' for module; 'o' for loop; '*' for dataflow
    +--------------------+------+-------+---------+---------+----------+---------+------+----------+------+----+----------+------------+-----+
    |       Modules      | Issue|       | Latency | Latency | Iteration|         | Trip |          |      |    |          |            |     |
    |       & Loops      | Type | Slack | (cycles)|   (ns)  |  Latency | Interval| Count| Pipelined| BRAM | DSP|    FF    |     LUT    | URAM|
    +--------------------+------+-------+---------+---------+----------+---------+------+----------+------+----+----------+------------+-----+
    |+ crypt_message     |     -|  28.71|        6|  300.000|         -|        7|     -|        no|     -|   -|  85 (~0%)|  1654 (~0%)|    -|
    | o VITIS_LOOP_18_1  |     -|  36.50|        4|  200.000|         1|        1|     4|       yes|     -|   -|         -|           -|    -|
    +--------------------+------+-------+---------+---------+----------+---------+------+----------+------+----+----------+------------+-----+


================================================================
== HW Interfaces
================================================================
* Other Ports
+-----------------+---------+----------+
| Interface       | Mode    | Bitwidth |
+-----------------+---------+----------+
| ap_return       |         | 64       |
| encrypt_decrypt | ap_none | 1        |
| key             | ap_none | 16       |
| message         | ap_none | 64       |
+-----------------+---------+----------+

* TOP LEVEL CONTROL
+-----------+------------+-----------------------------------+
| Interface | Type       | Ports                             |
+-----------+------------+-----------------------------------+
| ap_clk    | clock      | ap_clk                            |
| ap_rst    | reset      | ap_rst                            |
| ap_ctrl   | ap_ctrl_hs | ap_done ap_idle ap_ready ap_start |
+-----------+------------+-----------------------------------+


================================================================
== SW I/O Information
================================================================
* Top Function Arguments
+-----------------+-----------+------------+
| Argument        | Direction | Datatype   |
+-----------------+-----------+------------+
| encrypt_decrypt | in        | bool       |
| message         | in        | ap_int<64> |
| key             | in        | ap_int<16> |
| return          | out       | ap_int<64> |
+-----------------+-----------+------------+

* SW-to-HW Mapping
+-----------------+-----------------+---------+
| Argument        | HW Interface    | HW Type |
+-----------------+-----------------+---------+
| encrypt_decrypt | encrypt_decrypt | port    |
| message         | message         | port    |
| key             | key             | port    |
| return          | ap_return       | port    |
+-----------------+-----------------+---------+


================================================================
== Bind Op Report
================================================================
+-------------------------+-----+--------+-------------+-----+--------+---------+
| Name                    | DSP | Pragma | Variable    | Op  | Impl   | Latency |
+-------------------------+-----+--------+-------------+-----+--------+---------+
| + crypt_message         | 0   |        |             |     |        |         |
|   i_2_fu_118_p2         | -   |        | i_2         | add | fabric | 0       |
|   sub_ln628_fu_164_p2   | -   |        | sub_ln628   | sub | fabric | 0       |
|   sub_ln628_1_fu_176_p2 | -   |        | sub_ln628_1 | sub | fabric | 0       |
+-------------------------+-----+--------+-------------+-----+--------+---------+


================================================================
== Bind Storage Report
================================================================
  No bind storage info in design

================================================================
== Pragma Report
================================================================
* Valid Pragma Syntax
+--------+---------+--------------------------------+
| Type   | Options | Location                       |
+--------+---------+--------------------------------+
| inline |         | ../cbc.cpp:22 in crypt_message |
+--------+---------+--------------------------------+


