Sun Jun  8 21:34:03 2025: Running xcd server. This server was built by gradle.
Sun Jun  8 21:34:03 2025: Server was asked to start on port: '38401'
Sun Jun  8 21:34:03 2025: Server is using token UUID: '4d83c312-15d0-4bf6-a49d-ae78d376ebc3'
Sun Jun  8 21:34:03 2025: SESSION_MGR: creating session with session uuid: '6d04a3e9-ade5-4ab9-8d63-1f78fcd2ec76' and name 'default'
Sun Jun  8 21:34:03 2025: Attempting to start server on port '38401'
Sun Jun  8 21:34:03 2025: XCD main fifo: created main fifo '/tmp/xcdmain4d83c312-15d0-4bf6-a49d-ae78d376ebc3', fd read = 13
Sun Jun  8 21:34:03 2025: Running Dispatch Server
Sun Jun  8 21:34:03 2025: Version 2.2.0
Sun Jun  8 21:34:11 2025: Dispatch Server: Accepted socket connection from client
Sun Jun  8 21:34:11 2025: Starting Socket connection
Sun Jun  8 21:34:11 2025: EXCHANGE_TOKEN received, server token: 4d83c312-15d0-4bf6-a49d-ae78d376ebc3, passed token: 4d83c312-15d0-4bf6-a49d-ae78d376ebc3
Sun Jun  8 21:34:11 2025: SESSION_MGR: creating session with session uuid: '0d8594f4-392d-484c-bdeb-dee4dea48614' and name 'vitis_hls'
Sun Jun  8 21:34:11 2025: KERNEL_SVC: creating session with uuid: '0d8594f4-392d-484c-bdeb-dee4dea48614' and name 'vitis_hls'
Sun Jun  8 21:34:11 2025: GUIDANCE_SMGR: creating guidance session with uuid: '0d8594f4-392d-484c-bdeb-dee4dea48614' and name 'vitis_hls'
Sun Jun  8 21:35:08 2025: STOP_SERVER received, server token: 4d83c312-15d0-4bf6-a49d-ae78d376ebc3, passed token: 4d83c312-15d0-4bf6-a49d-ae78d376ebc3
Sun Jun  8 21:35:08 2025: Socket received request to stop server.
Sun Jun  8 21:35:08 2025: Dispatch Server: do_await_stop
Sun Jun  8 21:35:08 2025: Dispatch Server: stopping mainFifo_
Sun Jun  8 21:35:08 2025: XCD main fifo: Stopping
Sun Jun  8 21:35:08 2025: XCD main fifo: do_read error code: Operation canceled
Sun Jun  8 21:35:08 2025: XCD main fifo: bytes_transferred: 0
Sun Jun  8 21:35:08 2025: SERVER: destructor for server bound to port 38401
Sun Jun  8 21:35:08 2025: XCD main fifo: Good unlink of /tmp/xcdmain4d83c312-15d0-4bf6-a49d-ae78d376ebc3
Sun Jun  8 21:35:08 2025: Server exiting with status 0.
Sun Jun  8 21:35:08 2025: Closing log file.
