Wed Jun 25 15:33:34 2025: Running xcd server. This server was built by gradle.
Wed Jun 25 15:33:34 2025: Server was asked to start on port: '32789'
Wed Jun 25 15:33:34 2025: Server is using token UUID: '07577809-09c6-48a9-a657-644862645835'
Wed Jun 25 15:33:34 2025: SESSION_MGR: creating session with session uuid: '6d04a3e9-ade5-4ab9-8d63-1f78fcd2ec76' and name 'default'
Wed Jun 25 15:33:34 2025: Attempting to start server on port '32789'
Wed Jun 25 15:33:34 2025: XCD main fifo: created main fifo '/tmp/xcdmain07577809-09c6-48a9-a657-644862645835', fd read = 13
Wed Jun 25 15:33:34 2025: Running Dispatch Server
Wed Jun 25 15:33:34 2025: Version 2.2.0
Wed Jun 25 15:33:43 2025: Dispatch Server: Accepted socket connection from client
Wed Jun 25 15:33:43 2025: Starting Socket connection
Wed Jun 25 15:33:43 2025: EXCHANGE_TOKEN received, server token: 07577809-09c6-48a9-a657-644862645835, passed token: 07577809-09c6-48a9-a657-644862645835
Wed Jun 25 15:33:43 2025: SESSION_MGR: creating session with session uuid: '09bb0952-6dcf-407b-b579-acb0caca5fe3' and name 'vitis_hls'
Wed Jun 25 15:33:43 2025: KERNEL_SVC: creating session with uuid: '09bb0952-6dcf-407b-b579-acb0caca5fe3' and name 'vitis_hls'
Wed Jun 25 15:33:43 2025: GUIDANCE_SMGR: creating guidance session with uuid: '09bb0952-6dcf-407b-b579-acb0caca5fe3' and name 'vitis_hls'
Wed Jun 25 15:34:29 2025: STOP_SERVER received, server token: 07577809-09c6-48a9-a657-644862645835, passed token: 07577809-09c6-48a9-a657-644862645835
Wed Jun 25 15:34:29 2025: Socket received request to stop server.
Wed Jun 25 15:34:29 2025: Dispatch Server: do_await_stop
Wed Jun 25 15:34:29 2025: Dispatch Server: stopping mainFifo_
Wed Jun 25 15:34:29 2025: XCD main fifo: Stopping
Wed Jun 25 15:34:29 2025: XCD main fifo: do_read error code: Operation canceled
Wed Jun 25 15:34:29 2025: XCD main fifo: bytes_transferred: 0
Wed Jun 25 15:34:29 2025: SERVER: destructor for server bound to port 32789
Wed Jun 25 15:34:29 2025: XCD main fifo: Good unlink of /tmp/xcdmain07577809-09c6-48a9-a657-644862645835
Wed Jun 25 15:34:29 2025: Server exiting with status 0.
Wed Jun 25 15:34:29 2025: Closing log file.
