============================================================
  Generated by:           Genus(TM) Synthesis Solution 23.10-p004_1
  Generated on:           Jun 08 2025  04:47:37 pm
  Module:                 pipeline
  Operating conditions:   typical (balanced_tree)
  Wireload mode:          enclosed
  Area mode:              timing library
============================================================


Path 1: MET (807 ps) Setup Check with Pin avg/data_o_reg[1]/CK->D
          Group: clock_fast
     Startpoint: (R) temperature[0]
          Clock: (R) clock_fast
       Endpoint: (F) avg/data_o_reg[1]/D
          Clock: (R) clock_fast

                     Capture       Launch     
        Clock Edge:+    4000            0     
        Drv Adjust:+       0            0     
       Src Latency:+       0            0     
       Net Latency:+       0 (I)        0 (I) 
           Arrival:=    4000            0     
                                              
             Setup:-      44                  
     Required Time:=    3956                  
      Launch Clock:-       0                  
       Input Delay:-    2000                  
         Data Path:-    1149                  
             Slack:=     807                  

Exceptions/Constraints:
  input_delay             2000            constraints.sdc_line_2_58_1 

#-----------------------------------------------------------------------------------------------------------------------
#                 Timing Point                  Flags    Arc   Edge   Cell     Fanout Load Trans Delay Arrival Instance 
#                                                                                     (fF)  (ps)  (ps)   (ps)  Location 
#-----------------------------------------------------------------------------------------------------------------------
  temperature[0]                                -       -      R     (arrival)      6 11.0     0     0    2000    (-,-) 
  avg/csa_tree_ADD_TC_OP_1_groupi_g516__6260/ZN -       A1->ZN R     OR2_X1         1  2.0     8    30    2030    (-,-) 
  avg/csa_tree_ADD_TC_OP_1_groupi_g504__4733/ZN -       A1->ZN F     AOI22_X1       2  4.3    17    31    2061    (-,-) 
  avg/csa_tree_ADD_TC_OP_1_groupi_g491__6783/ZN -       B1->ZN R     OAI21_X1       2  4.6    32    59    2120    (-,-) 
  avg/csa_tree_ADD_TC_OP_1_groupi_g490/ZN       -       A->ZN  F     INV_X1         1  1.8     9    24    2144    (-,-) 
  avg/csa_tree_ADD_TC_OP_1_groupi_g475__9945/ZN -       B1->ZN R     OAI21_X1       2  4.5    31    53    2197    (-,-) 
  avg/csa_tree_ADD_TC_OP_1_groupi_g466__7098/ZN -       B1->ZN F     AOI21_X1       3  5.5    17    43    2240    (-,-) 
  avg/csa_tree_ADD_TC_OP_1_groupi_g454__6260/ZN -       A1->ZN F     OR3_X1         1  1.8    13    78    2318    (-,-) 
  avg/csa_tree_ADD_TC_OP_1_groupi_g452__2398/ZN -       A->ZN  R     OAI211_X1      2  4.5    34    42    2359    (-,-) 
  avg/csa_tree_ADD_TC_OP_1_groupi_g450__6417/ZN -       B1->ZN F     AOI21_X1       2  4.3    16    40    2399    (-,-) 
  avg/csa_tree_ADD_TC_OP_1_groupi_g448__1666/ZN -       B1->ZN R     OAI21_X1       2  6.0    38    66    2465    (-,-) 
  avg/csa_tree_ADD_TC_OP_1_groupi_g447__2346/ZN -       A->ZN  R     XNOR2_X1       2  4.0    29    70    2535    (-,-) 
  avg/g178054/ZN                                -       A->ZN  F     INV_X1         3  4.8    11    31    2566    (-,-) 
  avg/g178027__6783/ZN                          -       A1->ZN F     OR2_X1         7 13.5    21    76    2642    (-,-) 
  avg/g178010__9315/ZN                          -       A2->ZN R     NAND2_X1       7 14.9    40    75    2717    (-,-) 
  avg/g177969__4319/ZN                          -       A1->ZN F     OAI222_X1      6 11.5    44    87    2804    (-,-) 
  avg/g177965/ZN                                -       A->ZN  R     INV_X1         4  8.3    26    64    2868    (-,-) 
  avg/g177936__8428/ZN                          -       B1->ZN F     AOI22_X1       1  1.8    15    41    2910    (-,-) 
  avg/g177928__7410/ZN                          -       A->ZN  R     AOI21_X1       3  6.1    42    76    2985    (-,-) 
  avg/g177902__5526/ZN                          -       B1->ZN F     OAI22_X1       1  1.7    20    42    3027    (-,-) 
  avg/g177896__5107/ZN                          -       C1->ZN R     AOI221_X1      1  1.9    43    63    3090    (-,-) 
  avg/g177894__2398/ZN                          -       A->ZN  F     OAI221_X1      1  1.4    21    51    3140    (-,-) 
  avg/data_o_reg[1]/D                           -       -      F     DFFRS_X1       1    -     -     9    3149    (-,-) 
#-----------------------------------------------------------------------------------------------------------------------

