============================================================
  Generated by:           Genus(TM) Synthesis Solution 23.10-p004_1
  Generated on:           Jun 08 2025  04:47:37 pm
  Module:                 pipeline
  Technology libraries:   NangateOpenCellLibrary revision 1.0
                          NangateOpenCellLibrary revision 1.0
  Operating conditions:   typical (balanced_tree)
  Wireload mode:          enclosed
  Area mode:              timing library
============================================================

                              
   Gate    Instances   Area            Library          
--------------------------------------------------------
AND2_X1            4    4.256    NangateOpenCellLibrary 
AOI211_X1          6    7.980    NangateOpenCellLibrary 
AOI21_X1          12   12.768    NangateOpenCellLibrary 
AOI21_X2           1    1.862    NangateOpenCellLibrary 
AOI221_X1          5    7.980    NangateOpenCellLibrary 
AOI222_X1          1    2.128    NangateOpenCellLibrary 
AOI22_X1          10   13.300    NangateOpenCellLibrary 
DFFRS_X1          24  153.216    NangateOpenCellLibrary 
DFFR_X1           27  143.640    NangateOpenCellLibrary 
INV_X1            49   26.068    NangateOpenCellLibrary 
NAND2_X1          42   33.516    NangateOpenCellLibrary 
NAND3_X1           5    5.320    NangateOpenCellLibrary 
NAND4_X1           1    1.330    NangateOpenCellLibrary 
NOR2_X1           38   30.324    NangateOpenCellLibrary 
NOR3_X1            4    4.256    NangateOpenCellLibrary 
OAI211_X1          3    3.990    NangateOpenCellLibrary 
OAI21_X1          21   22.344    NangateOpenCellLibrary 
OAI221_X1          6    9.576    NangateOpenCellLibrary 
OAI222_X1          4    8.512    NangateOpenCellLibrary 
OAI22_X1           6    7.980    NangateOpenCellLibrary 
OAI33_X1           1    1.862    NangateOpenCellLibrary 
OR2_X1            18   19.152    NangateOpenCellLibrary 
OR3_X1             1    1.330    NangateOpenCellLibrary 
XNOR2_X1          18   28.728    NangateOpenCellLibrary 
XOR2_X1            4    6.384    NangateOpenCellLibrary 
--------------------------------------------------------
total            311  557.802                           


                                        
     Type      Instances   Area  Area % 
----------------------------------------
sequential            51 296.856   53.2 
inverter              49  26.068    4.7 
logic                211 234.878   42.1 
physical_cells         0   0.000    0.0 
----------------------------------------
total                311 557.802  100.0 

