Sat Jun 28 17:21:07 2025: Running xcd server. This server was built by gradle.
Sat Jun 28 17:21:07 2025: Server was asked to start on port: '40089'
Sat Jun 28 17:21:07 2025: Server is using token UUID: 'cf18ad1e-0b17-4c89-afee-0f898b555428'
Sat Jun 28 17:21:07 2025: SESSION_MGR: creating session with session uuid: '6d04a3e9-ade5-4ab9-8d63-1f78fcd2ec76' and name 'default'
Sat Jun 28 17:21:07 2025: Attempting to start server on port '40089'
Sat Jun 28 17:21:07 2025: XCD main fifo: created main fifo '/tmp/xcdmaincf18ad1e-0b17-4c89-afee-0f898b555428', fd read = 13
Sat Jun 28 17:21:07 2025: Running Dispatch Server
Sat Jun 28 17:21:07 2025: Version 2.2.0
Sat Jun 28 17:21:16 2025: Dispatch Server: Accepted socket connection from client
Sat Jun 28 17:21:16 2025: Starting Socket connection
Sat Jun 28 17:21:16 2025: EXCHANGE_TOKEN received, server token: cf18ad1e-0b17-4c89-afee-0f898b555428, passed token: cf18ad1e-0b17-4c89-afee-0f898b555428
Sat Jun 28 17:21:16 2025: SESSION_MGR: creating session with session uuid: 'f166c119-a646-4396-87af-6793bc905b5c' and name 'vitis_hls'
Sat Jun 28 17:21:16 2025: KERNEL_SVC: creating session with uuid: 'f166c119-a646-4396-87af-6793bc905b5c' and name 'vitis_hls'
Sat Jun 28 17:21:16 2025: GUIDANCE_SMGR: creating guidance session with uuid: 'f166c119-a646-4396-87af-6793bc905b5c' and name 'vitis_hls'
Sat Jun 28 17:22:12 2025: STOP_SERVER received, server token: cf18ad1e-0b17-4c89-afee-0f898b555428, passed token: cf18ad1e-0b17-4c89-afee-0f898b555428
Sat Jun 28 17:22:12 2025: Socket received request to stop server.
Sat Jun 28 17:22:12 2025: Dispatch Server: do_await_stop
Sat Jun 28 17:22:12 2025: Dispatch Server: stopping mainFifo_
Sat Jun 28 17:22:12 2025: XCD main fifo: Stopping
Sat Jun 28 17:22:12 2025: XCD main fifo: do_read error code: Operation canceled
Sat Jun 28 17:22:12 2025: XCD main fifo: bytes_transferred: 0
Sat Jun 28 17:22:12 2025: SERVER: destructor for server bound to port 40089
Sat Jun 28 17:22:12 2025: XCD main fifo: Good unlink of /tmp/xcdmaincf18ad1e-0b17-4c89-afee-0f898b555428
Sat Jun 28 17:22:12 2025: Server exiting with status 0.
Sat Jun 28 17:22:12 2025: Closing log file.
