/home/ritterale/ex_DDaSoES_SS25/ex06/Programming_Task_1/hls/vitis_hls/solution1/.autopilot/db/cbc.pp.0.cpp:1321:7: warning: Added loop label VITIS_LOOP_1211_1:   [xilinx-label-all-loops]
      for (i = 0; i < __N - 1; ++i) {
      ^~~
      VITIS_LOOP_1211_1: 
/home/ritterale/ex_DDaSoES_SS25/ex06/Programming_Task_1/hls/vitis_hls/solution1/.autopilot/db/cbc.pp.0.cpp:1321:7: note: FIX-IT applied suggested code changes
/home/ritterale/ex_DDaSoES_SS25/ex06/Programming_Task_1/hls/vitis_hls/solution1/.autopilot/db/cbc.pp.0.cpp:2295:5: warning: Added loop label VITIS_LOOP_676_1:   [xilinx-label-all-loops]
    for (unsigned i = low; i != high; ++i) {
    ^~~
    VITIS_LOOP_676_1: 
/home/ritterale/ex_DDaSoES_SS25/ex06/Programming_Task_1/hls/vitis_hls/solution1/.autopilot/db/cbc.pp.0.cpp:2295:5: note: FIX-IT applied suggested code changes
/home/ritterale/ex_DDaSoES_SS25/ex06/Programming_Task_1/hls/vitis_hls/solution1/.autopilot/db/cbc.pp.0.cpp:2309:5: warning: Added loop label VITIS_LOOP_690_1:   [xilinx-label-all-loops]
    for (unsigned i = low; i != high; ++i) {
    ^~~
    VITIS_LOOP_690_1: 
/home/ritterale/ex_DDaSoES_SS25/ex06/Programming_Task_1/hls/vitis_hls/solution1/.autopilot/db/cbc.pp.0.cpp:2309:5: note: FIX-IT applied suggested code changes
/home/ritterale/ex_DDaSoES_SS25/ex06/Programming_Task_1/hls/vitis_hls/solution1/.autopilot/db/cbc.pp.0.cpp:2323:5: warning: Added loop label VITIS_LOOP_704_1:   [xilinx-label-all-loops]
    for (unsigned i = low; i != high; ++i) {
    ^~~
    VITIS_LOOP_704_1: 
/home/ritterale/ex_DDaSoES_SS25/ex06/Programming_Task_1/hls/vitis_hls/solution1/.autopilot/db/cbc.pp.0.cpp:2323:5: note: FIX-IT applied suggested code changes
/home/ritterale/ex_DDaSoES_SS25/ex06/Programming_Task_1/hls/vitis_hls/solution1/.autopilot/db/cbc.pp.0.cpp:3906:7: warning: Added loop label VITIS_LOOP_1245_1:   [xilinx-label-all-loops]
      for (i = 0; i < __N - 1; ++i) {
      ^~~
      VITIS_LOOP_1245_1: 
/home/ritterale/ex_DDaSoES_SS25/ex06/Programming_Task_1/hls/vitis_hls/solution1/.autopilot/db/cbc.pp.0.cpp:3906:7: note: FIX-IT applied suggested code changes
/home/ritterale/ex_DDaSoES_SS25/ex06/Programming_Task_1/hls/vitis_hls/solution1/.autopilot/db/cbc.pp.0.cpp:5700:5: warning: Added loop label VITIS_LOOP_18_1:   [xilinx-label-all-loops]
    for (int i = 0; i < 4; i++) {
    ^~~
    VITIS_LOOP_18_1: 
/home/ritterale/ex_DDaSoES_SS25/ex06/Programming_Task_1/hls/vitis_hls/solution1/.autopilot/db/cbc.pp.0.cpp:5700:5: note: FIX-IT applied suggested code changes
